  StateMachine.cpp
  State.cpp
  Pause.cpp
  Menu.cpp
  Loading.cpp
c:\users\s171760\desktop\aiemattengine_repo\aiebootstrap\aiebootstrap\project2d\loading.cpp(91): warning C4244: 'argument': conversion from 'int' to 'float', possible loss of data
  Game.cpp
c:\users\s171760\desktop\aiemattengine_repo\aiebootstrap\aiebootstrap\project2d\game.cpp(21): warning C4244: '=': conversion from 'int' to 'float', possible loss of data
c:\users\s171760\desktop\aiemattengine_repo\aiebootstrap\aiebootstrap\project2d\game.cpp(22): warning C4244: '=': conversion from 'int' to 'float', possible loss of data
c:\users\s171760\desktop\aiemattengine_repo\aiebootstrap\aiebootstrap\project2d\game.cpp(34): warning C4244: '=': conversion from 'int' to 'float', possible loss of data
c:\users\s171760\desktop\aiemattengine_repo\aiebootstrap\aiebootstrap\project2d\game.cpp(35): warning C4244: '=': conversion from 'int' to 'float', possible loss of data
c:\users\s171760\desktop\aiemattengine_repo\aiebootstrap\aiebootstrap\project2d\game.cpp(45): warning C4244: '=': conversion from 'int' to 'float', possible loss of data
  Credits.cpp
  Generating Code...
  Compiling...
  main.cpp
  Splash.cpp
  ChooseCar.cpp
c:\users\s171760\desktop\aiemattengine_repo\aiebootstrap\aiebootstrap\project2d\choosecar.cpp(109): warning C4244: 'argument': conversion from 'int' to 'float', possible loss of data
c:\users\s171760\desktop\aiemattengine_repo\aiebootstrap\aiebootstrap\project2d\choosecar.cpp(113): warning C4244: 'argument': conversion from 'int' to 'float', possible loss of data
  Car.cpp
c:\users\s171760\desktop\aiemattengine_repo\aiebootstrap\aiebootstrap\project2d\car.cpp(94): warning C4244: '=': conversion from 'double' to 'float', possible loss of data
c:\users\s171760\desktop\aiemattengine_repo\aiebootstrap\aiebootstrap\project2d\car.cpp(97): warning C4244: '=': conversion from 'double' to 'float', possible loss of data
  Application2D.cpp
  Generating Code...
  Project2D.vcxproj -> C:\Users\s171760\Desktop\AIEMattEngine_Repo\aieBootstrap\aieBootstrap\temp\Project2D\Debug\Project2D.exe
